<?xml version="1.0" encoding="UTF-8"?>
<!-- Generated by org.testng.reporters.JUnitReportReporter -->
<testsuite hostname="DESKTOP-V2ONJQQ" failures="0" tests="1" name="pdfReader.PDFReaderTest01" time="0.854" errors="0" timestamp="2023-04-06T18:02:59 IST" skipped="0">
  <testcase classname="pdfReader.PDFReaderTest01" name="pdfReaderTest" time="0.854"/>
  <system-out/>
</testsuite> <!-- pdfReader.PDFReaderTest01 -->
