<?xml version="1.0" encoding="UTF-8"?>
<!-- Generated by org.testng.reporters.JUnitReportReporter -->
<testsuite hostname="DESKTOP-V2ONJQQ" failures="0" tests="1" name="pdfReader.PDFReaderTest" time="2.611" errors="0" timestamp="2023-04-06T16:59:02 IST" skipped="0">
  <testcase classname="pdfReader.PDFReaderTest" name="readPDFTest" time="2.611"/>
  <system-out/>
</testsuite> <!-- pdfReader.PDFReaderTest -->
