<?xml version="1.0" encoding="UTF-8"?>
<!-- Generated by org.testng.reporters.JUnitReportReporter -->
<testsuite hostname="DESKTOP-V2ONJQQ" failures="0" tests="1" name="pdfReader.PDFReaderTest" time="3.873" errors="0" timestamp="2023-03-15T22:27:44 IST" skipped="0">
  <testcase classname="pdfReader.PDFReaderTest" name="readPDFTest" time="3.873"/>
  <system-out/>
</testsuite> <!-- pdfReader.PDFReaderTest -->
